  collider.cpp
C:\my_projects\BuasApplication\BuasApplication\collider.cpp(26,8): warning C4552: '-': result of expression not used
  game.cpp
C:\my_projects\BuasApplication\BuasApplication\game.cpp(88,57): warning C4244: 'argument': conversion from 'double' to 'float', possible loss of data
  bullet.cpp
C:\my_projects\BuasApplication\BuasApplication\includes\bullet.cpp(26,37): warning C4244: 'argument': conversion from 'int' to 'T', possible loss of data
          with
          [
              T=float
          ]
C:\my_projects\BuasApplication\BuasApplication\includes\bullet.cpp(26,30): warning C4244: 'argument': conversion from 'int' to 'T', possible loss of data
          with
          [
              T=float
          ]
C:\my_projects\BuasApplication\BuasApplication\includes\bullet.cpp(46,43): warning C4244: 'argument': conversion from 'T' to 'int', possible loss of data
          with
          [
              T=float
          ]
C:\my_projects\BuasApplication\BuasApplication\includes\bullet.cpp(46,31): warning C4244: 'argument': conversion from 'T' to 'int', possible loss of data
          with
          [
              T=float
          ]
  enemy.cpp
C:\my_projects\BuasApplication\BuasApplication\includes\enemy.cpp(19,37): warning C4244: 'argument': conversion from 'int' to 'T', possible loss of data
          with
          [
              T=float
          ]
C:\my_projects\BuasApplication\BuasApplication\includes\enemy.cpp(19,30): warning C4244: 'argument': conversion from 'int' to 'T', possible loss of data
          with
          [
              T=float
          ]
C:\my_projects\BuasApplication\BuasApplication\includes\enemy.cpp(26,104): warning C4244: 'argument': conversion from 'int' to 'T', possible loss of data
          with
          [
              T=float
          ]
C:\my_projects\BuasApplication\BuasApplication\includes\enemy.cpp(26,67): warning C4244: 'argument': conversion from 'int' to 'T', possible loss of data
          with
          [
              T=float
          ]
C:\my_projects\BuasApplication\BuasApplication\includes\enemy.cpp(40,77): warning C4244: '=': conversion from 'int' to 'T', possible loss of data
          with
          [
              T=float
          ]
C:\my_projects\BuasApplication\BuasApplication\includes\enemy.cpp(42,80): warning C4244: '=': conversion from 'int' to 'T', possible loss of data
          with
          [
              T=float
          ]
C:\my_projects\BuasApplication\BuasApplication\includes\enemy.cpp(47,43): warning C4244: 'argument': conversion from 'T' to 'int', possible loss of data
          with
          [
              T=float
          ]
C:\my_projects\BuasApplication\BuasApplication\includes\enemy.cpp(47,31): warning C4244: 'argument': conversion from 'T' to 'int', possible loss of data
          with
          [
              T=float
          ]
  template.cpp
  Generating Code...
  tmpl_2019-08.vcxproj -> C:\my_projects\BuasApplication\BuasApplication\tmpl_2019-08_x64_debug.exe
