C:\Program Files\Microsoft Visual Studio\2022\Community\MSBuild\Microsoft\VC\v170\Microsoft.CppBuild.targets(517,5): warning MSB8028: The intermediate directory (Release\) contains files shared from another project (tmpl_2019-08.vcxproj).  This can lead to incorrect clean and rebuild behavior.
  collider.cpp
  game.cpp
C:\Users\vosni\Documents\BuasApplication\includes\player.h(23,41): warning C4244: 'argument': conversion from 'int' to 'float', possible loss of data
C:\Users\vosni\Documents\BuasApplication\includes\player.h(23,34): warning C4244: 'argument': conversion from 'int' to 'float', possible loss of data
C:\Users\vosni\Documents\BuasApplication\includes\bullet.h(23,47): warning C4244: 'argument': conversion from 'int' to 'float', possible loss of data
C:\Users\vosni\Documents\BuasApplication\includes\bullet.h(23,40): warning C4244: 'argument': conversion from 'int' to 'float', possible loss of data
C:\Users\vosni\Documents\BuasApplication\includes\enemy.h(24,47): warning C4244: 'argument': conversion from 'int' to 'float', possible loss of data
C:\Users\vosni\Documents\BuasApplication\includes\enemy.h(24,40): warning C4244: 'argument': conversion from 'int' to 'float', possible loss of data
C:\Users\vosni\Documents\BuasApplication\includes\enemy.h(86,47): warning C4244: 'argument': conversion from 'int' to 'float', possible loss of data
C:\Users\vosni\Documents\BuasApplication\includes\enemy.h(86,40): warning C4244: 'argument': conversion from 'int' to 'float', possible loss of data
C:\Users\vosni\Documents\BuasApplication\includes\trapdoor.h(18,41): warning C4244: 'argument': conversion from 'int' to 'float', possible loss of data
C:\Users\vosni\Documents\BuasApplication\includes\trapdoor.h(18,34): warning C4244: 'argument': conversion from 'int' to 'float', possible loss of data
C:\Users\vosni\Documents\BuasApplication\includes\healthflask.h(17,41): warning C4244: 'argument': conversion from 'int' to 'float', possible loss of data
C:\Users\vosni\Documents\BuasApplication\includes\healthflask.h(17,34): warning C4244: 'argument': conversion from 'int' to 'float', possible loss of data
C:\Users\vosni\Documents\BuasApplication\game.cpp(167,102): warning C4267: 'argument': conversion from 'size_t' to 'int', possible loss of data
C:\Users\vosni\Documents\BuasApplication\game.cpp(168,68): warning C4244: 'argument': conversion from 'int' to 'float', possible loss of data
C:\Users\vosni\Documents\BuasApplication\game.cpp(168,49): warning C4244: 'argument': conversion from 'int' to 'float', possible loss of data
C:\Users\vosni\Documents\BuasApplication\game.cpp(239,33): warning C4244: '=': conversion from 'float' to 'int', possible loss of data
C:\Users\vosni\Documents\BuasApplication\game.cpp(285,30): warning C4244: '+=': conversion from 'float' to 'int', possible loss of data
C:\Users\vosni\Documents\BuasApplication\game.cpp(355,39): warning C4267: 'argument': conversion from 'size_t' to 'int', possible loss of data
C:\Users\vosni\Documents\BuasApplication\game.cpp(429,11): warning C4244: 'initializing': conversion from 'double' to 'int', possible loss of data
C:\Users\vosni\Documents\BuasApplication\game.cpp(430,11): warning C4244: 'initializing': conversion from 'double' to 'int', possible loss of data
C:\Users\vosni\Documents\BuasApplication\game.cpp(435,51): warning C4244: 'argument': conversion from 'int' to 'float', possible loss of data
C:\Users\vosni\Documents\BuasApplication\game.cpp(435,44): warning C4244: 'argument': conversion from 'int' to 'float', possible loss of data
C:\Users\vosni\Documents\BuasApplication\game.cpp(438,52): warning C4244: 'argument': conversion from 'int' to 'float', possible loss of data
C:\Users\vosni\Documents\BuasApplication\game.cpp(438,39): warning C4244: 'argument': conversion from 'int' to 'float', possible loss of data
  bullet.cpp
C:\Users\vosni\Documents\BuasApplication\includes\bullet.h(23,47): warning C4244: 'argument': conversion from 'int' to 'float', possible loss of data
C:\Users\vosni\Documents\BuasApplication\includes\bullet.h(23,40): warning C4244: 'argument': conversion from 'int' to 'float', possible loss of data
C:\Users\vosni\Documents\BuasApplication\includes\bullet.cpp(97,43): warning C4244: 'argument': conversion from 'float' to 'int', possible loss of data
C:\Users\vosni\Documents\BuasApplication\includes\bullet.cpp(97,31): warning C4244: 'argument': conversion from 'float' to 'int', possible loss of data
  enemy.cpp
C:\Users\vosni\Documents\BuasApplication\includes\enemy.h(24,47): warning C4244: 'argument': conversion from 'int' to 'float', possible loss of data
C:\Users\vosni\Documents\BuasApplication\includes\enemy.h(24,40): warning C4244: 'argument': conversion from 'int' to 'float', possible loss of data
C:\Users\vosni\Documents\BuasApplication\includes\enemy.h(86,47): warning C4244: 'argument': conversion from 'int' to 'float', possible loss of data
C:\Users\vosni\Documents\BuasApplication\includes\enemy.h(86,40): warning C4244: 'argument': conversion from 'int' to 'float', possible loss of data
C:\Users\vosni\Documents\BuasApplication\includes\enemy.cpp(193,30): warning C4244: '=': conversion from 'float' to 'int', possible loss of data
C:\Users\vosni\Documents\BuasApplication\includes\enemy.cpp(217,49): warning C4244: 'argument': conversion from 'float' to 'int', possible loss of data
C:\Users\vosni\Documents\BuasApplication\includes\enemy.cpp(217,37): warning C4244: 'argument': conversion from 'float' to 'int', possible loss of data
  healthflask.cpp
C:\Users\vosni\Documents\BuasApplication\includes\healthflask.h(17,41): warning C4244: 'argument': conversion from 'int' to 'float', possible loss of data
C:\Users\vosni\Documents\BuasApplication\includes\healthflask.h(17,34): warning C4244: 'argument': conversion from 'int' to 'float', possible loss of data
C:\Users\vosni\Documents\BuasApplication\includes\healthflask.cpp(15,43): warning C4244: 'argument': conversion from 'float' to 'int', possible loss of data
C:\Users\vosni\Documents\BuasApplication\includes\healthflask.cpp(15,31): warning C4244: 'argument': conversion from 'float' to 'int', possible loss of data
  player.cpp
C:\Users\vosni\Documents\BuasApplication\includes\player.h(23,41): warning C4244: 'argument': conversion from 'int' to 'float', possible loss of data
C:\Users\vosni\Documents\BuasApplication\includes\player.h(23,34): warning C4244: 'argument': conversion from 'int' to 'float', possible loss of data
C:\Users\vosni\Documents\BuasApplication\includes\player.cpp(94,77): warning C4244: '=': conversion from 'int' to 'float', possible loss of data
C:\Users\vosni\Documents\BuasApplication\includes\player.cpp(96,80): warning C4244: '=': conversion from 'int' to 'float', possible loss of data
C:\Users\vosni\Documents\BuasApplication\includes\player.cpp(100,29): warning C4244: '=': conversion from 'float' to 'int', possible loss of data
C:\Users\vosni\Documents\BuasApplication\includes\player.cpp(111,49): warning C4244: 'argument': conversion from 'float' to 'int', possible loss of data
C:\Users\vosni\Documents\BuasApplication\includes\player.cpp(111,37): warning C4244: 'argument': conversion from 'float' to 'int', possible loss of data
  trapdoor.cpp
C:\Users\vosni\Documents\BuasApplication\includes\trapdoor.h(18,41): warning C4244: 'argument': conversion from 'int' to 'float', possible loss of data
C:\Users\vosni\Documents\BuasApplication\includes\trapdoor.h(18,34): warning C4244: 'argument': conversion from 'int' to 'float', possible loss of data
C:\Users\vosni\Documents\BuasApplication\includes\trapdoor.cpp(21,50): warning C4244: '=': conversion from 'int' to 'float', possible loss of data
C:\Users\vosni\Documents\BuasApplication\includes\trapdoor.cpp(22,52): warning C4244: '=': conversion from 'int' to 'float', possible loss of data
C:\Users\vosni\Documents\BuasApplication\includes\trapdoor.cpp(28,43): warning C4244: 'argument': conversion from 'float' to 'int', possible loss of data
C:\Users\vosni\Documents\BuasApplication\includes\trapdoor.cpp(28,31): warning C4244: 'argument': conversion from 'float' to 'int', possible loss of data
  ui.cpp
C:\Users\vosni\Documents\BuasApplication\includes\ui.cpp(14,21): warning C4244: 'argument': conversion from 'int' to 'float', possible loss of data
C:\Users\vosni\Documents\BuasApplication\includes\ui.cpp(33,43): warning C4244: 'argument': conversion from 'float' to 'int', possible loss of data
C:\Users\vosni\Documents\BuasApplication\includes\ui.cpp(33,31): warning C4244: 'argument': conversion from 'float' to 'int', possible loss of data
C:\Users\vosni\Documents\BuasApplication\includes\ui.cpp(51,44): warning C4244: 'argument': conversion from 'float' to 'int', possible loss of data
C:\Users\vosni\Documents\BuasApplication\includes\ui.cpp(51,32): warning C4244: 'argument': conversion from 'float' to 'int', possible loss of data
C:\Users\vosni\Documents\BuasApplication\includes\ui.cpp(59,47): warning C4244: 'argument': conversion from 'float' to 'int', possible loss of data
C:\Users\vosni\Documents\BuasApplication\includes\ui.cpp(59,32): warning C4244: 'argument': conversion from 'float' to 'int', possible loss of data
C:\Users\vosni\Documents\BuasApplication\includes\ui.cpp(78,9): warning C4244: 'initializing': conversion from 'double' to 'int', possible loss of data
C:\Users\vosni\Documents\BuasApplication\includes\ui.cpp(79,9): warning C4244: 'initializing': conversion from 'double' to 'int', possible loss of data
C:\Users\vosni\Documents\BuasApplication\includes\ui.cpp(81,72): warning C4244: 'argument': conversion from 'float' to 'int', possible loss of data
C:\Users\vosni\Documents\BuasApplication\includes\ui.cpp(81,49): warning C4244: 'argument': conversion from 'float' to 'int', possible loss of data
C:\Users\vosni\Documents\BuasApplication\includes\ui.cpp(81,34): warning C4244: 'argument': conversion from 'float' to 'int', possible loss of data
C:\Users\vosni\Documents\BuasApplication\includes\ui.cpp(81,22): warning C4244: 'argument': conversion from 'float' to 'int', possible loss of data
  surface.cpp
  template.cpp
  Generating Code...
  tmpl_2019-08.vcxproj -> C:\Users\vosni\Documents\BuasApplication\Clear_The_Dungeon_x64.exe
